
 NO OF GROUPS IS   2
 NO OF OBSERVATIONS IS   475
 NO OF VARIABLES  12
 NO OF PARTITIONS 11

 THE NO OF VARIABLES IN EACH PARTITION IS
  2  1  1  1  1  1  1  1  1  1

 THE NO OF VARIABLES IN EACH PARTITION IS
  1
 FOR LOOP    1LOGLIKELIHOOD IS -11281.72707566
 FOR LOOP    2LOGLIKELIHOOD IS -11264.88328976
 FOR LOOP    3LOGLIKELIHOOD IS -11263.54401274
 FOR LOOP    4LOGLIKELIHOOD IS -11263.28492729
 FOR LOOP    5LOGLIKELIHOOD IS -11263.20321397
 FOR LOOP    6LOGLIKELIHOOD IS -11263.16913924
 FOR LOOP    7LOGLIKELIHOOD IS -11263.15341696
 FOR LOOP    8LOGLIKELIHOOD IS -11263.14595046
 FOR LOOP    9LOGLIKELIHOOD IS -11263.14237808
 FOR LOOP   10LOGLIKELIHOOD IS -11263.14066606
 FOR LOOP   11LOGLIKELIHOOD IS -11263.13984554
 FOR LOOP   12LOGLIKELIHOOD IS -11263.13945238
 FOR LOOP   13LOGLIKELIHOOD IS -11263.13926406
 FOR LOOP   14LOGLIKELIHOOD IS -11263.13917387
 FOR LOOP   15LOGLIKELIHOOD IS -11263.13913069
 FOR LOOP   16LOGLIKELIHOOD IS -11263.13911002
 FOR LOOP   17LOGLIKELIHOOD IS -11263.13910013
 FOR LOOP   18LOGLIKELIHOOD IS -11263.13909539
 FOR LOOP   19LOGLIKELIHOOD IS -11263.13909312
 FOR LOOP   20LOGLIKELIHOOD IS -11263.13909204
 FOR LOOP   21LOGLIKELIHOOD IS -11263.13909152
 FOR LOOP   22LOGLIKELIHOOD IS -11263.13909127
 FOR LOOP   23LOGLIKELIHOOD IS -11263.13909115
 FOR LOOP   24LOGLIKELIHOOD IS -11263.13909109
 FOR LOOP   25LOGLIKELIHOOD IS -11263.13909107
 FOR LOOP   26LOGLIKELIHOOD IS -11263.13909105
 FOR LOOP   27LOGLIKELIHOOD IS -11263.13909105
 FOR LOOP   28LOGLIKELIHOOD IS -11263.13909104
 FOR LOOP   29LOGLIKELIHOOD IS -11263.13909104
 FOR LOOP   30LOGLIKELIHOOD IS -11263.13909104
 FOR LOOP   30LOGLIKELIHOOD IS -11263.13909104
 ENTROPY =   41.932   0.000


 Some Clustering criteria for model selection

 GROUPS     LOG       AIC       BIC              AWE         CLC         IBC-CLC          ICL ICLE
      2  -11263.139   22636.278   22865.260   23369.243   22610.143   22949.125   22949.578   27205.427


THE ESTIMATE OF THE MIXING PROPORTION IN GROUP   1IS 0.56400420


THE ESTIMATE OF THE MIXING PROPORTION IN GROUP   2IS 0.43599580


THE CURRENT ESTIMATES FOR GROUP  1 AND' PARTITION   1 ARE 

 THE MEAN FOR THIS PARTITION IS 
    14.533385     8.285092


THE CURRENT ESTIMATES FOR GROUP  1 AND' PARTITION   2 ARE 

 THE MEAN FOR THIS PARTITION IS 
    71.610846


THE CURRENT ESTIMATES FOR GROUP  1 AND' PARTITION   3 ARE 

 THE MEAN FOR THIS PARTITION IS 
   100.439397


THE CURRENT ESTIMATES FOR GROUP  1 AND' PARTITION   4 ARE 

 FOR VARIABLE   5 THETA(K,J,M) IS
  0.940189  0.052433  0.007377


THE CURRENT ESTIMATES FOR GROUP  1 AND' PARTITION   5 ARE 

 FOR VARIABLE   6 THETA(K,J,M) IS
  0.493738  0.506262


THE CURRENT ESTIMATES FOR GROUP  1 AND' PARTITION   6 ARE 

 FOR VARIABLE   7 THETA(K,J,M) IS
  0.332969  0.046228  0.075216  0.060673  0.310542  0.170639  0.003733


THE CURRENT ESTIMATES FOR GROUP  1 AND' PARTITION   7 ARE 

 THE MEAN FOR THIS PARTITION IS 
   138.095882


THE CURRENT ESTIMATES FOR GROUP  1 AND' PARTITION   8 ARE 

 THE MEAN FOR THIS PARTITION IS 
     2.897191


THE CURRENT ESTIMATES FOR GROUP  1 AND' PARTITION   9 ARE 

 THE MEAN FOR THIS PARTITION IS 
     8.929327


THE CURRENT ESTIMATES FOR GROUP  1 AND' PARTITION  10 ARE 

 THE MEAN FOR THIS PARTITION IS 
     1.645108


THE CURRENT ESTIMATES FOR GROUP  1 AND' PARTITION  11 ARE 

 FOR VARIABLE  12 THETA(K,J,M) IS
  0.992394  0.007606


THE CURRENT ESTIMATES FOR GROUP  2 AND' PARTITION   1 ARE 

 THE MEAN FOR THIS PARTITION IS 
    14.174339     7.993352


THE CURRENT ESTIMATES FOR GROUP  2 AND' PARTITION   2 ARE 

 THE MEAN FOR THIS PARTITION IS 
    71.484568


THE CURRENT ESTIMATES FOR GROUP  2 AND' PARTITION   3 ARE 

 THE MEAN FOR THIS PARTITION IS 
    97.171796


THE CURRENT ESTIMATES FOR GROUP  2 AND' PARTITION   4 ARE 

 FOR VARIABLE   5 THETA(K,J,M) IS
  0.850426  0.086688  0.062886


THE CURRENT ESTIMATES FOR GROUP  2 AND' PARTITION   5 ARE 

 FOR VARIABLE   6 THETA(K,J,M) IS
  0.655373  0.344627


THE CURRENT ESTIMATES FOR GROUP  2 AND' PARTITION   6 ARE 

 FOR VARIABLE   7 THETA(K,J,M) IS
  0.346681  0.051258  0.144133  0.042229  0.298434  0.117266  0.000000


THE CURRENT ESTIMATES FOR GROUP  2 AND' PARTITION   7 ARE 

 THE MEAN FOR THIS PARTITION IS 
   129.155459


THE CURRENT ESTIMATES FOR GROUP  2 AND' PARTITION   8 ARE 

 THE MEAN FOR THIS PARTITION IS 
     4.140421


THE CURRENT ESTIMATES FOR GROUP  2 AND' PARTITION   9 ARE 

 THE MEAN FOR THIS PARTITION IS 
    12.075518


THE CURRENT ESTIMATES FOR GROUP  2 AND' PARTITION  10 ARE 

 THE MEAN FOR THIS PARTITION IS 
     3.925000


THE CURRENT ESTIMATES FOR GROUP  2 AND' PARTITION  11 ARE 

 FOR VARIABLE  12 THETA(K,J,M) IS
  0.638035  0.361965

 THE CURRENT ESTIMATE OF THE COVARIANCE MATRIX FOR GROUP  1
 AND PARTITION   1
       6.517202       2.495988
       2.495988       2.374890
 AND PARTITION   2
      44.323853
 AND PARTITION   3
     170.687257
 AND PARTITION   7
     317.903621
 AND PARTITION   8
       1.445761
 AND PARTITION   9
       1.336125
 AND PARTITION  10
       0.248469

 THE CURRENT ESTIMATE OF THE COVARIANCE MATRIX FOR GROUP  2
 AND PARTITION   1
       5.024270       1.843676
       1.843676       1.800977
 AND PARTITION   2
      52.260090
 AND PARTITION   3
     180.534317
 AND PARTITION   7
     403.480914
 AND PARTITION   8
       2.895663
 AND PARTITION   9
       2.027113
 AND PARTITION  10
       2.872303

 THE ASSIGNMENT OF OBSERVATIONS TO GROUPS

  1  1  1  1  1  1  1  1  1  1
  1  1  1  1  1  1  1  1  1  1
  1  1  2  2  2  2  2  2  2  2
  1  2  2  2  2  1  2  2  2  2
  2  2  2  2  2  1  1  1  1  1
  1  1  1  1  1  1  2  2  2  2
  1  2  2  2  2  1  1  1  1  1
  1  1  1  1  1  1  1  1  1  1
  1  1  1  1  1  1  1  1  1  1
  1  1  1  2  1  1  1  1  1  1
  1  2  2  2  2  2  2  2  1  2
  1  1  2  2  2  2  1  2  1  1
  1  1  1  2  1  1  1  1  1  1
  1  1  1  1  2  2  2  2  2  2
  2  2  2  2  2  2  2  2  2  2
  1  1  1  1  1  1  1  1  2  2
  2  2  2  2  2  2  2  2  2  2
  2  1  1  1  1  1  1  1  1  2
  2  1  2  2  1  1  2  2  1  1
  2  1  1  1  1  1  1  1  1  1
  1  1  1  1  1  1  1  2  1  1
  2  2  2  2  2  2  2  2  2  2
  2  2  2  2  1  1  1  1  1  1
  1  1  1  2  1  1  1  1  1  1
  2  2  2  2  2  2  2  2  2  2
  2  2  2  2  2  2  2  2  1  2
  1  1  2  2  2  2  2  2  2  2
  2  2  2  1  1  2  1  1  1  1
  1  1  1  1  1  1  1  1  1  1
  1  1  1  1  1  1  1  1  1  1
  1  1  1  1  1  1  2  1  1  1
  1  1  1  1  1  1  1  1  1  1
  1  1  1  1  1  2  1  1  2  1
  1  1  1  2  2  1  2  1  1  1
  1  1  1  1  1  1  1  1  1  1
  1  2  1  1  1  2  2  2  2  2
  2  2  2  2  2  2  2  2  2  2
  2  2  1  1  2  2  1  2  2  2
  2  2  2  2  2  2  2  2  2  2
  1  1  1  1  1  1  1  1  1  1
  1  1  2  2  2  1  2  2  2  2
  2  2  2  2  1  1  1  1  1  1
  1  1  1  1  1  1  1  1  1  1
  1  1  1  2  1  1  2  2  2  1
  2  2  2  1  1  1  1  1  2  2
  2  2  2  2  1  2  2  2  2  2
  2  2  1  1  1  1  1  2  2  1
  2  2  1  1  2

 TOTAL NUMBERS IN EACH GROUP
  273  202
 ENTROPY =   41.932  19.695


 Some Clustering criteria for model selection

 GROUPS     LOG       AIC       BIC              AWE         CLC         IBC-CLC          ICL ICLE
      2  -11263.139   22636.278   22865.260   23369.243   22610.143   22949.125   22949.578   22946.730


THE ESTIMATES OF THE POSTERIOR PROBALITIES
OBSERVATION   1    0.999217  0.000783
OBSERVATION   2    0.998724  0.001276
OBSERVATION   3    0.998820  0.001180
OBSERVATION   4    0.993004  0.006996
OBSERVATION   5    0.949440  0.050560
OBSERVATION   6    0.993904  0.006096
OBSERVATION   7    0.999487  0.000513
OBSERVATION   8    0.984747  0.015253
OBSERVATION   9    0.999904  0.000096
OBSERVATION  10    0.999426  0.000574
OBSERVATION  11    0.999989  0.000011
OBSERVATION  12    0.998828  0.001172
OBSERVATION  13    0.995727  0.004273
OBSERVATION  14    0.972470  0.027530
OBSERVATION  15    0.998240  0.001760
OBSERVATION  16    0.996385  0.003615
OBSERVATION  17    0.999546  0.000454
OBSERVATION  18    0.997688  0.002312
OBSERVATION  19    0.997233  0.002767
OBSERVATION  20    0.977242  0.022758
OBSERVATION  21    0.992719  0.007281
OBSERVATION  22    0.999163  0.000837
OBSERVATION  23    0.000000  1.000000
OBSERVATION  24    0.002419  0.997581
OBSERVATION  25    0.000001  0.999999
OBSERVATION  26    0.080256  0.919744
OBSERVATION  27    0.000000  1.000000
OBSERVATION  28    0.000000  1.000000
OBSERVATION  29    0.000011  0.999989
OBSERVATION  30    0.000000  1.000000
OBSERVATION  31    0.582718  0.417282
OBSERVATION  32    0.000000  1.000000
OBSERVATION  33    0.000000  1.000000
OBSERVATION  34    0.000001  0.999999
OBSERVATION  35    0.000000  1.000000
OBSERVATION  36    0.603229  0.396771
OBSERVATION  37    0.000000  1.000000
OBSERVATION  38    0.000000  1.000000
OBSERVATION  39    0.008164  0.991836
OBSERVATION  40    0.009114  0.990886
OBSERVATION  41    0.000000  1.000000
OBSERVATION  42    0.000002  0.999998
OBSERVATION  43    0.000015  0.999985
OBSERVATION  44    0.000000  1.000000
OBSERVATION  45    0.000000  1.000000
OBSERVATION  46    0.997548  0.002452
OBSERVATION  47    0.562606  0.437394
OBSERVATION  48    0.730944  0.269056
OBSERVATION  49    0.999859  0.000141
OBSERVATION  50    0.999303  0.000697
OBSERVATION  51    0.995139  0.004861
OBSERVATION  52    0.977855  0.022145
OBSERVATION  53    0.936567  0.063433
OBSERVATION  54    0.624288  0.375712
OBSERVATION  55    0.999098  0.000902
OBSERVATION  56    0.997278  0.002722
OBSERVATION  57    0.000000  1.000000
OBSERVATION  58    0.000000  1.000000
OBSERVATION  59    0.000000  1.000000
OBSERVATION  60    0.000001  0.999999
OBSERVATION  61    0.787195  0.212805
OBSERVATION  62    0.000000  1.000000
OBSERVATION  63    0.003140  0.996860
OBSERVATION  64    0.000000  1.000000
OBSERVATION  65    0.000000  1.000000
OBSERVATION  66    0.997883  0.002117
OBSERVATION  67    0.996936  0.003064
OBSERVATION  68    0.999494  0.000506
OBSERVATION  69    0.997716  0.002284
OBSERVATION  70    0.744031  0.255969
OBSERVATION  71    0.998949  0.001051
OBSERVATION  72    0.999744  0.000256
OBSERVATION  73    0.998659  0.001341
OBSERVATION  74    0.999748  0.000252
OBSERVATION  75    0.994548  0.005452
OBSERVATION  76    0.996647  0.003353
OBSERVATION  77    0.997040  0.002960
OBSERVATION  78    0.999196  0.000804
OBSERVATION  79    0.997787  0.002213
OBSERVATION  80    0.999608  0.000392
OBSERVATION  81    0.999601  0.000399
OBSERVATION  82    0.998351  0.001649
OBSERVATION  83    0.951381  0.048619
OBSERVATION  84    0.982357  0.017643
OBSERVATION  85    0.999487  0.000513
OBSERVATION  86    0.999969  0.000031
OBSERVATION  87    0.997651  0.002349
OBSERVATION  88    0.994406  0.005594
OBSERVATION  89    0.983460  0.016540
OBSERVATION  90    0.999982  0.000018
OBSERVATION  91    0.975976  0.024024
OBSERVATION  92    0.991288  0.008712
OBSERVATION  93    0.998719  0.001281
OBSERVATION  94    0.200459  0.799541
OBSERVATION  95    0.992482  0.007518
OBSERVATION  96    0.980004  0.019996
OBSERVATION  97    0.997823  0.002177
OBSERVATION  98    0.978898  0.021102
OBSERVATION  99    0.999508  0.000492
OBSERVATION 100    0.966451  0.033549
OBSERVATION 101    0.997493  0.002507
OBSERVATION 102    0.000000  1.000000
OBSERVATION 103    0.000000  1.000000
OBSERVATION 104    0.000005  0.999995
OBSERVATION 105    0.004271  0.995729
OBSERVATION 106    0.000000  1.000000
OBSERVATION 107    0.000000  1.000000
OBSERVATION 108    0.000000  1.000000
OBSERVATION 109    0.859387  0.140613
OBSERVATION 110    0.000003  0.999997
OBSERVATION 111    0.877845  0.122155
OBSERVATION 112    0.839370  0.160630
OBSERVATION 113    0.000167  0.999833
OBSERVATION 114    0.000000  1.000000
OBSERVATION 115    0.007556  0.992444
OBSERVATION 116    0.000000  1.000000
OBSERVATION 117    0.985473  0.014527
OBSERVATION 118    0.248986  0.751014
OBSERVATION 119    0.856897  0.143103
OBSERVATION 120    0.731929  0.268071
OBSERVATION 121    0.992747  0.007253
OBSERVATION 122    0.998912  0.001088
OBSERVATION 123    0.998504  0.001496
OBSERVATION 124    0.000180  0.999820
OBSERVATION 125    0.992838  0.007162
OBSERVATION 126    0.978653  0.021347
OBSERVATION 127    0.995209  0.004791
OBSERVATION 128    0.962079  0.037921
OBSERVATION 129    0.999256  0.000744
OBSERVATION 130    0.984116  0.015884
OBSERVATION 131    0.993055  0.006945
OBSERVATION 132    0.993939  0.006061
OBSERVATION 133    0.996316  0.003684
OBSERVATION 134    0.992095  0.007905
OBSERVATION 135    0.000000  1.000000
OBSERVATION 136    0.003406  0.996594
OBSERVATION 137    0.000000  1.000000
OBSERVATION 138    0.000007  0.999993
OBSERVATION 139    0.000000  1.000000
OBSERVATION 140    0.000008  0.999992
OBSERVATION 141    0.000000  1.000000
OBSERVATION 142    0.000828  0.999172
OBSERVATION 143    0.000000  1.000000
OBSERVATION 144    0.000000  1.000000
OBSERVATION 145    0.000000  1.000000
OBSERVATION 146    0.045080  0.954920
OBSERVATION 147    0.000000  1.000000
OBSERVATION 148    0.000000  1.000000
OBSERVATION 149    0.000000  1.000000
OBSERVATION 150    0.054461  0.945539
OBSERVATION 151    0.999271  0.000729
OBSERVATION 152    0.999845  0.000155
OBSERVATION 153    0.993051  0.006949
OBSERVATION 154    0.995342  0.004658
OBSERVATION 155    0.971832  0.028168
OBSERVATION 156    0.999436  0.000564
OBSERVATION 157    0.999627  0.000373
OBSERVATION 158    0.906206  0.093794
OBSERVATION 159    0.191316  0.808684
OBSERVATION 160    0.000000  1.000000
OBSERVATION 161    0.020279  0.979721
OBSERVATION 162    0.000003  0.999997
OBSERVATION 163    0.000001  0.999999
OBSERVATION 164    0.000000  1.000000
OBSERVATION 165    0.000000  1.000000
OBSERVATION 166    0.282787  0.717213
OBSERVATION 167    0.000000  1.000000
OBSERVATION 168    0.000000  1.000000
OBSERVATION 169    0.110650  0.889350
OBSERVATION 170    0.065192  0.934808
OBSERVATION 171    0.000018  0.999982
OBSERVATION 172    0.997787  0.002213
OBSERVATION 173    0.999070  0.000930
OBSERVATION 174    0.997607  0.002393
OBSERVATION 175    0.997278  0.002722
OBSERVATION 176    0.998033  0.001967
OBSERVATION 177    0.998619  0.001381
OBSERVATION 178    0.998941  0.001059
OBSERVATION 179    0.995716  0.004284
OBSERVATION 180    0.008587  0.991413
OBSERVATION 181    0.000000  1.000000
OBSERVATION 182    0.535854  0.464146
OBSERVATION 183    0.243884  0.756116
OBSERVATION 184    0.000516  0.999484
OBSERVATION 185    0.914197  0.085803
OBSERVATION 186    0.643860  0.356140
OBSERVATION 187    0.000064  0.999936
OBSERVATION 188    0.000000  1.000000
OBSERVATION 189    0.997505  0.002495
OBSERVATION 190    0.993809  0.006191
OBSERVATION 191    0.000009  0.999991
OBSERVATION 192    0.997781  0.002219
OBSERVATION 193    0.996380  0.003620
OBSERVATION 194    0.996042  0.003958
OBSERVATION 195    0.999479  0.000521
OBSERVATION 196    0.997837  0.002163
OBSERVATION 197    0.993355  0.006645
OBSERVATION 198    0.984904  0.015096
OBSERVATION 199    0.999984  0.000016
OBSERVATION 200    0.972028  0.027972
OBSERVATION 201    0.999649  0.000351
OBSERVATION 202    0.999507  0.000493
OBSERVATION 203    0.999809  0.000191
OBSERVATION 204    0.998286  0.001714
OBSERVATION 205    0.999677  0.000323
OBSERVATION 206    0.999886  0.000114
OBSERVATION 207    0.983298  0.016702
OBSERVATION 208    0.000000  1.000000
OBSERVATION 209    0.571852  0.428148
OBSERVATION 210    0.670472  0.329528
OBSERVATION 211    0.000000  1.000000
OBSERVATION 212    0.000000  1.000000
OBSERVATION 213    0.000002  0.999998
OBSERVATION 214    0.000000  1.000000
OBSERVATION 215    0.000131  0.999869
OBSERVATION 216    0.000000  1.000000
OBSERVATION 217    0.000000  1.000000
OBSERVATION 218    0.000000  1.000000
OBSERVATION 219    0.000000  1.000000
OBSERVATION 220    0.000780  0.999220
OBSERVATION 221    0.000000  1.000000
OBSERVATION 222    0.097010  0.902990
OBSERVATION 223    0.000002  0.999998
OBSERVATION 224    0.223931  0.776069
OBSERVATION 225    0.990553  0.009447
OBSERVATION 226    0.996823  0.003177
OBSERVATION 227    0.987865  0.012135
OBSERVATION 228    0.994210  0.005790
OBSERVATION 229    0.999754  0.000246
OBSERVATION 230    0.996901  0.003099
OBSERVATION 231    0.999416  0.000584
OBSERVATION 232    0.905708  0.094292
OBSERVATION 233    0.962503  0.037497
OBSERVATION 234    0.235194  0.764806
OBSERVATION 235    0.998456  0.001544
OBSERVATION 236    0.575740  0.424260
OBSERVATION 237    0.983629  0.016371
OBSERVATION 238    0.999889  0.000111
OBSERVATION 239    0.997221  0.002779
OBSERVATION 240    0.999971  0.000029
OBSERVATION 241    0.000232  0.999768
OBSERVATION 242    0.000000  1.000000
OBSERVATION 243    0.000000  1.000000
OBSERVATION 244    0.000000  1.000000
OBSERVATION 245    0.028651  0.971349
OBSERVATION 246    0.000000  1.000000
OBSERVATION 247    0.000002  0.999998
OBSERVATION 248    0.000000  1.000000
OBSERVATION 249    0.000041  0.999959
OBSERVATION 250    0.000000  1.000000
OBSERVATION 251    0.000000  1.000000
OBSERVATION 252    0.000000  1.000000
OBSERVATION 253    0.000000  1.000000
OBSERVATION 254    0.000202  0.999798
OBSERVATION 255    0.000329  0.999671
OBSERVATION 256    0.071123  0.928877
OBSERVATION 257    0.024650  0.975350
OBSERVATION 258    0.078633  0.921367
OBSERVATION 259    0.900317  0.099683
OBSERVATION 260    0.000000  1.000000
OBSERVATION 261    0.995562  0.004438
OBSERVATION 262    0.993691  0.006309
OBSERVATION 263    0.000000  1.000000
OBSERVATION 264    0.000001  0.999999
OBSERVATION 265    0.000000  1.000000
OBSERVATION 266    0.002023  0.997977
OBSERVATION 267    0.003046  0.996954
OBSERVATION 268    0.000002  0.999998
OBSERVATION 269    0.032851  0.967149
OBSERVATION 270    0.000000  1.000000
OBSERVATION 271    0.000000  1.000000
OBSERVATION 272    0.000002  0.999998
OBSERVATION 273    0.044331  0.955669
OBSERVATION 274    0.954299  0.045701
OBSERVATION 275    0.900605  0.099395
OBSERVATION 276    0.491292  0.508708
OBSERVATION 277    0.996616  0.003384
OBSERVATION 278    0.986755  0.013245
OBSERVATION 279    0.990175  0.009825
OBSERVATION 280    0.998906  0.001094
OBSERVATION 281    0.998968  0.001032
OBSERVATION 282    0.993627  0.006373
OBSERVATION 283    0.990007  0.009993
OBSERVATION 284    0.991667  0.008333
OBSERVATION 285    0.999196  0.000804
OBSERVATION 286    0.999136  0.000864
OBSERVATION 287    0.984539  0.015461
OBSERVATION 288    1.000000  0.000000
OBSERVATION 289    0.862265  0.137735
OBSERVATION 290    0.998885  0.001115
OBSERVATION 291    0.998230  0.001770
OBSERVATION 292    0.998856  0.001144
OBSERVATION 293    0.863107  0.136893
OBSERVATION 294    0.577942  0.422058
OBSERVATION 295    0.901670  0.098330
OBSERVATION 296    0.999848  0.000152
OBSERVATION 297    0.998636  0.001364
OBSERVATION 298    0.999641  0.000359
OBSERVATION 299    0.998925  0.001075
OBSERVATION 300    0.966611  0.033389
OBSERVATION 301    0.998534  0.001466
OBSERVATION 302    0.999265  0.000735
OBSERVATION 303    0.999636  0.000364
OBSERVATION 304    0.955145  0.044855
OBSERVATION 305    0.921788  0.078212
OBSERVATION 306    0.997311  0.002689
OBSERVATION 307    0.394398  0.605602
OBSERVATION 308    0.939976  0.060024
OBSERVATION 309    0.997856  0.002144
OBSERVATION 310    0.999697  0.000303
OBSERVATION 311    0.997530  0.002470
OBSERVATION 312    0.999592  0.000408
OBSERVATION 313    0.997657  0.002343
OBSERVATION 314    0.999538  0.000462
OBSERVATION 315    0.999213  0.000787
OBSERVATION 316    0.997124  0.002876
OBSERVATION 317    0.999647  0.000353
OBSERVATION 318    0.872162  0.127838
OBSERVATION 319    0.996417  0.003583
OBSERVATION 320    0.997792  0.002208
OBSERVATION 321    0.999947  0.000053
OBSERVATION 322    0.997954  0.002046
OBSERVATION 323    0.999380  0.000620
OBSERVATION 324    0.946157  0.053843
OBSERVATION 325    0.999345  0.000655
OBSERVATION 326    0.002982  0.997018
OBSERVATION 327    0.999944  0.000056
OBSERVATION 328    0.959086  0.040914
OBSERVATION 329    0.018835  0.981165
OBSERVATION 330    0.998334  0.001666
OBSERVATION 331    0.999548  0.000452
OBSERVATION 332    0.998490  0.001510
OBSERVATION 333    0.997650  0.002350
OBSERVATION 334    0.385130  0.614870
OBSERVATION 335    0.028844  0.971156
OBSERVATION 336    0.997828  0.002172
OBSERVATION 337    0.107152  0.892848
OBSERVATION 338    0.999516  0.000484
OBSERVATION 339    0.997791  0.002209
OBSERVATION 340    0.987898  0.012102
OBSERVATION 341    0.995997  0.004003
OBSERVATION 342    0.999544  0.000456
OBSERVATION 343    0.995517  0.004483
OBSERVATION 344    0.997345  0.002655
OBSERVATION 345    0.999020  0.000980
OBSERVATION 346    0.999892  0.000108
OBSERVATION 347    0.995610  0.004390
OBSERVATION 348    0.985868  0.014132
OBSERVATION 349    0.998488  0.001512
OBSERVATION 350    0.999649  0.000351
OBSERVATION 351    0.998341  0.001659
OBSERVATION 352    0.000625  0.999375
OBSERVATION 353    0.947235  0.052765
OBSERVATION 354    0.999476  0.000524
OBSERVATION 355    0.947139  0.052861
OBSERVATION 356    0.000000  1.000000
OBSERVATION 357    0.009049  0.990951
OBSERVATION 358    0.000000  1.000000
OBSERVATION 359    0.000000  1.000000
OBSERVATION 360    0.037765  0.962235
OBSERVATION 361    0.000000  1.000000
OBSERVATION 362    0.000000  1.000000
OBSERVATION 363    0.000042  0.999958
OBSERVATION 364    0.059729  0.940271
OBSERVATION 365    0.000000  1.000000
OBSERVATION 366    0.011116  0.988884
OBSERVATION 367    0.000044  0.999956
OBSERVATION 368    0.001613  0.998387
OBSERVATION 369    0.000000  1.000000
OBSERVATION 370    0.000000  1.000000
OBSERVATION 371    0.000000  1.000000
OBSERVATION 372    0.000000  1.000000
OBSERVATION 373    0.733120  0.266880
OBSERVATION 374    0.996272  0.003728
OBSERVATION 375    0.000017  0.999983
OBSERVATION 376    0.000000  1.000000
OBSERVATION 377    0.971634  0.028366
OBSERVATION 378    0.000170  0.999830
OBSERVATION 379    0.001584  0.998416
OBSERVATION 380    0.000000  1.000000
OBSERVATION 381    0.012449  0.987551
OBSERVATION 382    0.001099  0.998901
OBSERVATION 383    0.000000  1.000000
OBSERVATION 384    0.000000  1.000000
OBSERVATION 385    0.000000  1.000000
OBSERVATION 386    0.000000  1.000000
OBSERVATION 387    0.000158  0.999842
OBSERVATION 388    0.000083  0.999917
OBSERVATION 389    0.000285  0.999715
OBSERVATION 390    0.023453  0.976547
OBSERVATION 391    0.998727  0.001273
OBSERVATION 392    0.996056  0.003944
OBSERVATION 393    0.999310  0.000690
OBSERVATION 394    0.998118  0.001882
OBSERVATION 395    0.998129  0.001871
OBSERVATION 396    0.998837  0.001163
OBSERVATION 397    0.701251  0.298749
OBSERVATION 398    0.999134  0.000866
OBSERVATION 399    0.997410  0.002590
OBSERVATION 400    0.996040  0.003960
OBSERVATION 401    0.998790  0.001210
OBSERVATION 402    0.999104  0.000896
OBSERVATION 403    0.028974  0.971026
OBSERVATION 404    0.000000  1.000000
OBSERVATION 405    0.029683  0.970317
OBSERVATION 406    0.817109  0.182891
OBSERVATION 407    0.000000  1.000000
OBSERVATION 408    0.006880  0.993120
OBSERVATION 409    0.000000  1.000000
OBSERVATION 410    0.000000  1.000000
OBSERVATION 411    0.373865  0.626135
OBSERVATION 412    0.000000  1.000000
OBSERVATION 413    0.041785  0.958215
OBSERVATION 414    0.000000  1.000000
OBSERVATION 415    0.923294  0.076706
OBSERVATION 416    0.998873  0.001127
OBSERVATION 417    0.974618  0.025382
OBSERVATION 418    0.994705  0.005295
OBSERVATION 419    0.908434  0.091566
OBSERVATION 420    0.999415  0.000585
OBSERVATION 421    0.998219  0.001781
OBSERVATION 422    0.997463  0.002537
OBSERVATION 423    0.992591  0.007409
OBSERVATION 424    0.999442  0.000558
OBSERVATION 425    0.998861  0.001139
OBSERVATION 426    0.999970  0.000030
OBSERVATION 427    0.999837  0.000163
OBSERVATION 428    0.529536  0.470464
OBSERVATION 429    0.996701  0.003299
OBSERVATION 430    0.999744  0.000256
OBSERVATION 431    0.999318  0.000682
OBSERVATION 432    0.995518  0.004482
OBSERVATION 433    0.997155  0.002845
OBSERVATION 434    0.000660  0.999340
OBSERVATION 435    0.821573  0.178427
OBSERVATION 436    0.766579  0.233421
OBSERVATION 437    0.000000  1.000000
OBSERVATION 438    0.003524  0.996476
OBSERVATION 439    0.000000  1.000000
OBSERVATION 440    0.797608  0.202392
OBSERVATION 441    0.000000  1.000000
OBSERVATION 442    0.000003  0.999997
OBSERVATION 443    0.005065  0.994935
OBSERVATION 444    0.995624  0.004376
OBSERVATION 445    0.999102  0.000898
OBSERVATION 446    0.898062  0.101938
OBSERVATION 447    0.997639  0.002361
OBSERVATION 448    0.943828  0.056172
OBSERVATION 449    0.056191  0.943809
OBSERVATION 450    0.000010  0.999990
OBSERVATION 451    0.052948  0.947052
OBSERVATION 452    0.004797  0.995203
OBSERVATION 453    0.000000  1.000000
OBSERVATION 454    0.000000  1.000000
OBSERVATION 455    0.518732  0.481268
OBSERVATION 456    0.000020  0.999980
OBSERVATION 457    0.053036  0.946964
OBSERVATION 458    0.119226  0.880774
OBSERVATION 459    0.000000  1.000000
OBSERVATION 460    0.000108  0.999892
OBSERVATION 461    0.000639  0.999361
OBSERVATION 462    0.344082  0.655918
OBSERVATION 463    0.999743  0.000257
OBSERVATION 464    0.998606  0.001394
OBSERVATION 465    0.996341  0.003659
OBSERVATION 466    1.000000  0.000000
OBSERVATION 467    0.995642  0.004358
OBSERVATION 468    0.472645  0.527355
OBSERVATION 469    0.000000  1.000000
OBSERVATION 470    0.991293  0.008707
OBSERVATION 471    0.075325  0.924675
OBSERVATION 472    0.097386  0.902614
OBSERVATION 473    0.999654  0.000346
OBSERVATION 474    0.997655  0.002345
OBSERVATION 475    0.000000  1.000000
