  1  0.999217 0.000783
  1  0.998724 0.001276
  1  0.998820 0.001180
  1  0.993004 0.006996
  1  0.949440 0.050560
  1  0.993904 0.006096
  1  0.999487 0.000513
  1  0.984747 0.015253
  1  0.999904 0.000096
  1  0.999426 0.000574
  1  0.999989 0.000011
  1  0.998828 0.001172
  1  0.995727 0.004273
  1  0.972470 0.027530
  1  0.998240 0.001760
  1  0.996385 0.003615
  1  0.999546 0.000454
  1  0.997688 0.002312
  1  0.997233 0.002767
  1  0.977242 0.022758
  1  0.992719 0.007281
  1  0.999163 0.000837
  2  0.000000 1.000000
  2  0.002419 0.997581
  2  0.000001 0.999999
  2  0.080256 0.919744
  2  0.000000 1.000000
  2  0.000000 1.000000
  2  0.000011 0.999989
  2  0.000000 1.000000
  1  0.582718 0.417282
  2  0.000000 1.000000
  2  0.000000 1.000000
  2  0.000001 0.999999
  2  0.000000 1.000000
  1  0.603229 0.396771
  2  0.000000 1.000000
  2  0.000000 1.000000
  2  0.008164 0.991836
  2  0.009114 0.990886
  2  0.000000 1.000000
  2  0.000002 0.999998
  2  0.000015 0.999985
  2  0.000000 1.000000
  2  0.000000 1.000000
  1  0.997548 0.002452
  1  0.562606 0.437394
  1  0.730944 0.269056
  1  0.999859 0.000141
  1  0.999303 0.000697
  1  0.995139 0.004861
  1  0.977855 0.022145
  1  0.936567 0.063433
  1  0.624288 0.375712
  1  0.999098 0.000902
  1  0.997278 0.002722
  2  0.000000 1.000000
  2  0.000000 1.000000
  2  0.000000 1.000000
  2  0.000001 0.999999
  1  0.787195 0.212805
  2  0.000000 1.000000
  2  0.003140 0.996860
  2  0.000000 1.000000
  2  0.000000 1.000000
  1  0.997883 0.002117
  1  0.996936 0.003064
  1  0.999494 0.000506
  1  0.997716 0.002284
  1  0.744031 0.255969
  1  0.998949 0.001051
  1  0.999744 0.000256
  1  0.998659 0.001341
  1  0.999748 0.000252
  1  0.994548 0.005452
  1  0.996647 0.003353
  1  0.997040 0.002960
  1  0.999196 0.000804
  1  0.997787 0.002213
  1  0.999608 0.000392
  1  0.999601 0.000399
  1  0.998351 0.001649
  1  0.951381 0.048619
  1  0.982357 0.017643
  1  0.999487 0.000513
  1  0.999969 0.000031
  1  0.997651 0.002349
  1  0.994406 0.005594
  1  0.983460 0.016540
  1  0.999982 0.000018
  1  0.975976 0.024024
  1  0.991288 0.008712
  1  0.998719 0.001281
  2  0.200459 0.799541
  1  0.992482 0.007518
  1  0.980004 0.019996
  1  0.997823 0.002177
  1  0.978898 0.021102
  1  0.999508 0.000492
  1  0.966451 0.033549
  1  0.997493 0.002507
  2  0.000000 1.000000
  2  0.000000 1.000000
  2  0.000005 0.999995
  2  0.004271 0.995729
  2  0.000000 1.000000
  2  0.000000 1.000000
  2  0.000000 1.000000
  1  0.859387 0.140613
  2  0.000003 0.999997
  1  0.877845 0.122155
  1  0.839370 0.160630
  2  0.000167 0.999833
  2  0.000000 1.000000
  2  0.007556 0.992444
  2  0.000000 1.000000
  1  0.985473 0.014527
  2  0.248986 0.751014
  1  0.856897 0.143103
  1  0.731929 0.268071
  1  0.992747 0.007253
  1  0.998912 0.001088
  1  0.998504 0.001496
  2  0.000180 0.999820
  1  0.992838 0.007162
  1  0.978653 0.021347
  1  0.995209 0.004791
  1  0.962079 0.037921
  1  0.999256 0.000744
  1  0.984116 0.015884
  1  0.993055 0.006945
  1  0.993939 0.006061
  1  0.996316 0.003684
  1  0.992095 0.007905
  2  0.000000 1.000000
  2  0.003406 0.996594
  2  0.000000 1.000000
  2  0.000007 0.999993
  2  0.000000 1.000000
  2  0.000008 0.999992
  2  0.000000 1.000000
  2  0.000828 0.999172
  2  0.000000 1.000000
  2  0.000000 1.000000
  2  0.000000 1.000000
  2  0.045080 0.954920
  2  0.000000 1.000000
  2  0.000000 1.000000
  2  0.000000 1.000000
  2  0.054461 0.945539
  1  0.999271 0.000729
  1  0.999845 0.000155
  1  0.993051 0.006949
  1  0.995342 0.004658
  1  0.971832 0.028168
  1  0.999436 0.000564
  1  0.999627 0.000373
  1  0.906206 0.093794
  2  0.191316 0.808684
  2  0.000000 1.000000
  2  0.020279 0.979721
  2  0.000003 0.999997
  2  0.000001 0.999999
  2  0.000000 1.000000
  2  0.000000 1.000000
  2  0.282787 0.717213
  2  0.000000 1.000000
  2  0.000000 1.000000
  2  0.110650 0.889350
  2  0.065192 0.934808
  2  0.000018 0.999982
  1  0.997787 0.002213
  1  0.999070 0.000930
  1  0.997607 0.002393
  1  0.997278 0.002722
  1  0.998033 0.001967
  1  0.998619 0.001381
  1  0.998941 0.001059
  1  0.995716 0.004284
  2  0.008587 0.991413
  2  0.000000 1.000000
  1  0.535854 0.464146
  2  0.243884 0.756116
  2  0.000516 0.999484
  1  0.914197 0.085803
  1  0.643860 0.356140
  2  0.000064 0.999936
  2  0.000000 1.000000
  1  0.997505 0.002495
  1  0.993809 0.006191
  2  0.000009 0.999991
  1  0.997781 0.002219
  1  0.996380 0.003620
  1  0.996042 0.003958
  1  0.999479 0.000521
  1  0.997837 0.002163
  1  0.993355 0.006645
  1  0.984904 0.015096
  1  0.999984 0.000016
  1  0.972028 0.027972
  1  0.999649 0.000351
  1  0.999507 0.000493
  1  0.999809 0.000191
  1  0.998286 0.001714
  1  0.999677 0.000323
  1  0.999886 0.000114
  1  0.983298 0.016702
  2  0.000000 1.000000
  1  0.571852 0.428148
  1  0.670472 0.329528
  2  0.000000 1.000000
  2  0.000000 1.000000
  2  0.000002 0.999998
  2  0.000000 1.000000
  2  0.000131 0.999869
  2  0.000000 1.000000
  2  0.000000 1.000000
  2  0.000000 1.000000
  2  0.000000 1.000000
  2  0.000780 0.999220
  2  0.000000 1.000000
  2  0.097010 0.902990
  2  0.000002 0.999998
  2  0.223931 0.776069
  1  0.990553 0.009447
  1  0.996823 0.003177
  1  0.987865 0.012135
  1  0.994210 0.005790
  1  0.999754 0.000246
  1  0.996901 0.003099
  1  0.999416 0.000584
  1  0.905708 0.094292
  1  0.962503 0.037497
  2  0.235194 0.764806
  1  0.998456 0.001544
  1  0.575740 0.424260
  1  0.983629 0.016371
  1  0.999889 0.000111
  1  0.997221 0.002779
  1  0.999971 0.000029
  2  0.000232 0.999768
  2  0.000000 1.000000
  2  0.000000 1.000000
  2  0.000000 1.000000
  2  0.028651 0.971349
  2  0.000000 1.000000
  2  0.000002 0.999998
  2  0.000000 1.000000
  2  0.000041 0.999959
  2  0.000000 1.000000
  2  0.000000 1.000000
  2  0.000000 1.000000
  2  0.000000 1.000000
  2  0.000202 0.999798
  2  0.000329 0.999671
  2  0.071123 0.928877
  2  0.024650 0.975350
  2  0.078633 0.921367
  1  0.900317 0.099683
  2  0.000000 1.000000
  1  0.995562 0.004438
  1  0.993691 0.006309
  2  0.000000 1.000000
  2  0.000001 0.999999
  2  0.000000 1.000000
  2  0.002023 0.997977
  2  0.003046 0.996954
  2  0.000002 0.999998
  2  0.032851 0.967149
  2  0.000000 1.000000
  2  0.000000 1.000000
  2  0.000002 0.999998
  2  0.044331 0.955669
  1  0.954299 0.045701
  1  0.900605 0.099395
  2  0.491292 0.508708
  1  0.996616 0.003384
  1  0.986755 0.013245
  1  0.990175 0.009825
  1  0.998906 0.001094
  1  0.998968 0.001032
  1  0.993627 0.006373
  1  0.990007 0.009993
  1  0.991667 0.008333
  1  0.999196 0.000804
  1  0.999136 0.000864
  1  0.984539 0.015461
  1  1.000000 0.000000
  1  0.862265 0.137735
  1  0.998885 0.001115
  1  0.998230 0.001770
  1  0.998856 0.001144
  1  0.863107 0.136893
  1  0.577942 0.422058
  1  0.901670 0.098330
  1  0.999848 0.000152
  1  0.998636 0.001364
  1  0.999641 0.000359
  1  0.998925 0.001075
  1  0.966611 0.033389
  1  0.998534 0.001466
  1  0.999265 0.000735
  1  0.999636 0.000364
  1  0.955145 0.044855
  1  0.921788 0.078212
  1  0.997311 0.002689
  2  0.394398 0.605602
  1  0.939976 0.060024
  1  0.997856 0.002144
  1  0.999697 0.000303
  1  0.997530 0.002470
  1  0.999592 0.000408
  1  0.997657 0.002343
  1  0.999538 0.000462
  1  0.999213 0.000787
  1  0.997124 0.002876
  1  0.999647 0.000353
  1  0.872162 0.127838
  1  0.996417 0.003583
  1  0.997792 0.002208
  1  0.999947 0.000053
  1  0.997954 0.002046
  1  0.999380 0.000620
  1  0.946157 0.053843
  1  0.999345 0.000655
  2  0.002982 0.997018
  1  0.999944 0.000056
  1  0.959086 0.040914
  2  0.018835 0.981165
  1  0.998334 0.001666
  1  0.999548 0.000452
  1  0.998490 0.001510
  1  0.997650 0.002350
  2  0.385130 0.614870
  2  0.028844 0.971156
  1  0.997828 0.002172
  2  0.107152 0.892848
  1  0.999516 0.000484
  1  0.997791 0.002209
  1  0.987898 0.012102
  1  0.995997 0.004003
  1  0.999544 0.000456
  1  0.995517 0.004483
  1  0.997345 0.002655
  1  0.999020 0.000980
  1  0.999892 0.000108
  1  0.995610 0.004390
  1  0.985868 0.014132
  1  0.998488 0.001512
  1  0.999649 0.000351
  1  0.998341 0.001659
  2  0.000625 0.999375
  1  0.947235 0.052765
  1  0.999476 0.000524
  1  0.947139 0.052861
  2  0.000000 1.000000
  2  0.009049 0.990951
  2  0.000000 1.000000
  2  0.000000 1.000000
  2  0.037765 0.962235
  2  0.000000 1.000000
  2  0.000000 1.000000
  2  0.000042 0.999958
  2  0.059729 0.940271
  2  0.000000 1.000000
  2  0.011116 0.988884
  2  0.000044 0.999956
  2  0.001613 0.998387
  2  0.000000 1.000000
  2  0.000000 1.000000
  2  0.000000 1.000000
  2  0.000000 1.000000
  1  0.733120 0.266880
  1  0.996272 0.003728
  2  0.000017 0.999983
  2  0.000000 1.000000
  1  0.971634 0.028366
  2  0.000170 0.999830
  2  0.001584 0.998416
  2  0.000000 1.000000
  2  0.012449 0.987551
  2  0.001099 0.998901
  2  0.000000 1.000000
  2  0.000000 1.000000
  2  0.000000 1.000000
  2  0.000000 1.000000
  2  0.000158 0.999842
  2  0.000083 0.999917
  2  0.000285 0.999715
  2  0.023453 0.976547
  1  0.998727 0.001273
  1  0.996056 0.003944
  1  0.999310 0.000690
  1  0.998118 0.001882
  1  0.998129 0.001871
  1  0.998837 0.001163
  1  0.701251 0.298749
  1  0.999134 0.000866
  1  0.997410 0.002590
  1  0.996040 0.003960
  1  0.998790 0.001210
  1  0.999104 0.000896
  2  0.028974 0.971026
  2  0.000000 1.000000
  2  0.029683 0.970317
  1  0.817109 0.182891
  2  0.000000 1.000000
  2  0.006880 0.993120
  2  0.000000 1.000000
  2  0.000000 1.000000
  2  0.373865 0.626135
  2  0.000000 1.000000
  2  0.041785 0.958215
  2  0.000000 1.000000
  1  0.923294 0.076706
  1  0.998873 0.001127
  1  0.974618 0.025382
  1  0.994705 0.005295
  1  0.908434 0.091566
  1  0.999415 0.000585
  1  0.998219 0.001781
  1  0.997463 0.002537
  1  0.992591 0.007409
  1  0.999442 0.000558
  1  0.998861 0.001139
  1  0.999970 0.000030
  1  0.999837 0.000163
  1  0.529536 0.470464
  1  0.996701 0.003299
  1  0.999744 0.000256
  1  0.999318 0.000682
  1  0.995518 0.004482
  1  0.997155 0.002845
  2  0.000660 0.999340
  1  0.821573 0.178427
  1  0.766579 0.233421
  2  0.000000 1.000000
  2  0.003524 0.996476
  2  0.000000 1.000000
  1  0.797608 0.202392
  2  0.000000 1.000000
  2  0.000003 0.999997
  2  0.005065 0.994935
  1  0.995624 0.004376
  1  0.999102 0.000898
  1  0.898062 0.101938
  1  0.997639 0.002361
  1  0.943828 0.056172
  2  0.056191 0.943809
  2  0.000010 0.999990
  2  0.052948 0.947052
  2  0.004797 0.995203
  2  0.000000 1.000000
  2  0.000000 1.000000
  1  0.518732 0.481268
  2  0.000020 0.999980
  2  0.053036 0.946964
  2  0.119226 0.880774
  2  0.000000 1.000000
  2  0.000108 0.999892
  2  0.000639 0.999361
  2  0.344082 0.655918
  1  0.999743 0.000257
  1  0.998606 0.001394
  1  0.996341 0.003659
  1  1.000000 0.000000
  1  0.995642 0.004358
  2  0.472645 0.527355
  2  0.000000 1.000000
  1  0.991293 0.008707
  2  0.075325 0.924675
  2  0.097386 0.902614
  1  0.999654 0.000346
  1  0.997655 0.002345
  2  0.000000 1.000000
