* using log directory ‘/Users/jcur002/Dropbox/Code/git/multimix/multimix.Rcheck’
* using R version 4.2.2 (2022-10-31)
* using platform: aarch64-apple-darwin20 (64-bit)
* using session charset: UTF-8
* using options ‘--no-manual --as-cran’
* checking for file ‘multimix/DESCRIPTION’ ... OK
* checking extension type ... Package
* this is package ‘multimix’ version ‘1.0-4’
* package encoding: UTF-8
* checking package namespace information ... OK
* checking package dependencies ... OK
* checking if this is a source package ... OK
* checking if there is a namespace ... OK
* checking for executable files ... OK
* checking for hidden files and directories ... OK
* checking for portable file names ... OK
* checking for sufficient/correct file permissions ... OK
* checking whether package ‘multimix’ can be installed ... OK
* checking installed package size ... OK
* checking package directory ... OK
* checking for future file timestamps ... OK
* checking DESCRIPTION meta-information ... OK
* checking top-level files ... OK
* checking for left-over files ... OK
* checking index information ... OK
* checking package subdirectories ... OK
* checking R files for non-ASCII characters ... OK
* checking R files for syntax errors ... OK
* checking whether the package can be loaded ... OK
* checking whether the package can be loaded with stated dependencies ... OK
* checking whether the package can be unloaded cleanly ... OK
* checking whether the namespace can be loaded with stated dependencies ... OK
* checking whether the namespace can be unloaded cleanly ... OK
* checking dependencies in R code ... OK
* checking S3 generic/method consistency ... OK
* checking replacement functions ... OK
* checking foreign function calls ... OK
* checking R code for possible problems ... OK
* checking Rd files ... OK
* checking Rd metadata ... OK
* checking Rd line widths ... OK
* checking Rd cross-references ... OK
* checking for missing documentation entries ... OK
* checking for code/documentation mismatches ... WARNING
Variables with usage in documentation object 'cancer.df' but not in code:
  ‘cancer.df’

Variables with usage in documentation object 'cmc.df' but not in code:
  ‘cmc.df’

* checking Rd \usage sections ... WARNING
Undocumented arguments in documentation object 'mmain'
  ‘D’ ‘Z’ ‘P’
Documented arguments not in \usage in documentation object 'mmain':
  ‘nIter’

Functions with \usage entries need to have the appropriate \alias
entries, and all their arguments documented.
The \usage entries must correspond to syntactically valid R code.
See chapter ‘Writing R documentation files’ in the ‘Writing R
Extensions’ manual.
* checking Rd contents ... WARNING
Argument items with no description in Rd object 'P.to.Z':
  ‘P’ ‘D’

Argument items with no description in Rd object 'Z.to.P':
  ‘Z’ ‘D’ ‘P’

Argument items with no description in Rd object 'first.Z.to.P':
  ‘D’ ‘Z’

Argument items with no description in Rd object 'mmain':
  ‘eps’

* checking for unstated dependencies in examples ... OK
* checking contents of ‘data’ directory ... OK
* checking data for non-ASCII characters ... OK
* checking data for ASCII and uncompressed saves ... OK
* checking examples ... OK
* checking for non-standard things in the check directory ... OK
* checking for detritus in the temp directory ... OK
* DONE
Status: 3 WARNINGs
